<?xml version="1.0" encoding="UTF-8"?>
<!-- Generated by org.testng.reporters.JUnitReportReporter -->
<testsuite skipped="0" hostname="lenovo-PC" name="testcases.VerifyHomePage" tests="1" failures="0" timestamp="28 Feb 2018 07:08:37 GMT" time="24.146" errors="0">
  <testcase name="TestHomePage" time="24.146" classname="testcases.VerifyHomePage"/>
</testsuite> <!-- testcases.VerifyHomePage -->
