<?xml version="1.0" encoding="UTF-8"?>
<!-- Generated by org.testng.reporters.JUnitReportReporter -->
<testsuite skipped="0" hostname="lenovo-PC" name="testcases.VerifyLoginPageWithReport" tests="1" failures="0" timestamp="28 Feb 2018 07:26:19 GMT" time="41.195" errors="0">
  <testcase name="TestHomePage" time="41.195" classname="testcases.VerifyLoginPageWithReport"/>
</testsuite> <!-- testcases.VerifyLoginPageWithReport -->
